[debug] [2019-04-22T19:12:03.744Z] ----------------------------------------------------------------------
[debug] [2019-04-22T19:12:03.751Z] Command:       C:\Program Files\nodejs\node.exe C:\Users\victo\AppData\Roaming\npm\node_modules\firebase-tools\lib\bin\firebase.js deploy --only functions
[debug] [2019-04-22T19:12:03.751Z] CLI Version:   6.7.0
[debug] [2019-04-22T19:12:03.751Z] Platform:      win32
[debug] [2019-04-22T19:12:03.751Z] Node Version:  v10.15.3
[debug] [2019-04-22T19:12:03.753Z] Time:          Mon Apr 22 2019 21:12:03 GMT+0200 (GMT+02:00)
[debug] [2019-04-22T19:12:03.754Z] ----------------------------------------------------------------------
[debug] 
[debug] [2019-04-22T19:12:03.779Z] > command requires scopes: ["email","openid","https://www.googleapis.com/auth/cloudplatformprojects.readonly","https://www.googleapis.com/auth/firebase","https://www.googleapis.com/auth/cloud-platform"]
[debug] [2019-04-22T19:12:03.781Z] > authorizing via signed-in user
[debug] [2019-04-22T19:12:03.781Z] [iam] checking project shuttlebus-c7c54 for permissions ["cloudfunctions.functions.create","cloudfunctions.functions.delete","cloudfunctions.functions.get","cloudfunctions.functions.list","cloudfunctions.functions.update","cloudfunctions.operations.get","firebase.projects.get"]
[debug] [2019-04-22T19:12:03.785Z] >>> HTTP REQUEST POST https://cloudresourcemanager.googleapis.com/v1/projects/shuttlebus-c7c54:testIamPermissions  

[debug] [2019-04-22T19:12:04.749Z] <<< HTTP RESPONSE 200
[info] 
[info] === Deploying to 'shuttlebus-c7c54'...
[info] 
[info] i  deploying functions
[debug] [2019-04-22T19:12:10.991Z] > [functions] package.json contents: {
  "name": "functions",
  "description": "Cloud Functions for Firebase",
  "scripts": {
    "serve": "firebase serve --only functions",
    "shell": "firebase functions:shell",
    "start": "npm run shell",
    "deploy": "firebase deploy --only functions",
    "logs": "firebase functions:log"
  },
  "dependencies": {
    "firebase-admin": "~6.0.0",
    "firebase-functions": "^2.1.0"
  },
  "private": true,
  "main": "controller/common.js"
}
[info] i  functions: ensuring necessary APIs are enabled...
[debug] [2019-04-22T19:12:10.995Z] >>> HTTP REQUEST GET https://servicemanagement.googleapis.com/v1/services/cloudfunctions.googleapis.com/projectSettings/shuttlebus-c7c54?view=CONSUMER_VIEW  
 
[debug] [2019-04-22T19:12:10.996Z] >>> HTTP REQUEST GET https://servicemanagement.googleapis.com/v1/services/runtimeconfig.googleapis.com/projectSettings/shuttlebus-c7c54?view=CONSUMER_VIEW  
 
[debug] [2019-04-22T19:12:12.413Z] <<< HTTP RESPONSE 200
[info] +  functions: all necessary APIs are enabled
[debug] [2019-04-22T19:12:12.510Z] <<< HTTP RESPONSE 200
[debug] [2019-04-22T19:12:12.511Z] >>> HTTP REQUEST GET https://cloudresourcemanager.googleapis.com/v1/projects/shuttlebus-c7c54  
 
[debug] [2019-04-22T19:12:13.332Z] <<< HTTP RESPONSE 200
[debug] [2019-04-22T19:12:13.334Z] >>> HTTP REQUEST GET https://mobilesdk-pa.googleapis.com/v1/projects/819297468256:getServerAppConfig  
 
[debug] [2019-04-22T19:12:13.599Z] <<< HTTP RESPONSE 200
[info] i  functions: preparing functions directory for uploading...
[debug] [2019-04-22T19:12:13.607Z] >>> HTTP REQUEST GET https://runtimeconfig.googleapis.com/v1beta1/projects/shuttlebus-c7c54/configs  
 
[debug] [2019-04-22T19:12:14.499Z] <<< HTTP RESPONSE 200
[warn] !  appEngineLocation us-central1
[debug] [2019-04-22T19:12:15.020Z] >>> HTTP REQUEST GET https://cloudfunctions.googleapis.com/v1/projects/shuttlebus-c7c54/locations/-/functions  
 
[debug] [2019-04-22T19:12:15.510Z] <<< HTTP RESPONSE 200
[info] 
The following functions are found in your project but do not exist in your local source code:
	addToRoute(us-central1)
	createOrigin(us-central1)
	createRoute(us-central1)
	deleteOrigin(us-central1)
	getAllOrigins(us-central1)
	getOrigin(us-central1)
	getOriginById(us-central1)
	getOriginByName(us-central1)
	getRouteById(us-central1)
	getRoutePoints(us-central1)
	getRoutesByDriver(us-central1)
	getRoutesByUser(us-central1)
	modifyOrigin(us-central1)
	removePassengerFromRoute(us-central1)
	removeRoute(us-central1)
	searchRoute(us-central1)
	signin(us-central1)
	signup(us-central1)

If you are renaming a function or changing its region, it is recommended that you create the new function first before deleting the old one to prevent event loss. For more info, visit https://firebase.google.com/docs/functions/manage-functions#modify

